Build started 11/28/2012 11:34:27 AM.
     1>Project "C:\Users\charlie\Documents\Visual Studio 2010\Projects\EE569\hw1\homework1\homework1\homework1\homework1.vcxproj" on node 2 (build target(s)).
     1>InitializeBuildStatus:
         Creating "Debug\homework1.unsuccessfulbuild" because "AlwaysCreate" was specified.
       ClCompile:
         C:\Program Files (x86)\Microsoft Visual Studio 10.0\VC\bin\CL.exe /c /ZI /nologo /W3 /WX- /Od /Oy- /D _MBCS /Gm /EHsc /RTC1 /MDd /GS /fp:precise /Zc:wchar_t /Zc:forScope /Fo"Debug\\" /Fd"Debug\vc100.pdb" /Gd /TP /analyze- /errorReport:prompt local_enhancement.cpp
         local_enhancement.cpp
     1>c:\users\charlie\documents\visual studio 2010\projects\ee569\hw1\homework1\homework1\homework1\local_enhancement.cpp(14): warning C4996: 'fopen': This function or variable may be unsafe. Consider using fopen_s instead. To disable deprecation, use _CRT_SECURE_NO_WARNINGS. See online help for details.
                 c:\program files (x86)\microsoft visual studio 10.0\vc\include\stdio.h(234) : see declaration of 'fopen'
     1>c:\users\charlie\documents\visual studio 2010\projects\ee569\hw1\homework1\homework1\homework1\local_enhancement.cpp(48): warning C4244: '=' : conversion from 'int' to 'float', possible loss of data
     1>c:\users\charlie\documents\visual studio 2010\projects\ee569\hw1\homework1\homework1\homework1\local_enhancement.cpp(49): warning C4244: '=' : conversion from 'int' to 'float', possible loss of data
     1>c:\users\charlie\documents\visual studio 2010\projects\ee569\hw1\homework1\homework1\homework1\local_enhancement.cpp(83): warning C4996: 'fopen': This function or variable may be unsafe. Consider using fopen_s instead. To disable deprecation, use _CRT_SECURE_NO_WARNINGS. See online help for details.
                 c:\program files (x86)\microsoft visual studio 10.0\vc\include\stdio.h(234) : see declaration of 'fopen'
       Link:
         C:\Program Files (x86)\Microsoft Visual Studio 10.0\VC\bin\link.exe /ERRORREPORT:PROMPT /OUT:"C:\Users\charlie\Documents\Visual Studio 2010\Projects\EE569\hw1\homework1\homework1\Debug\homework1.exe" /NOLOGO kernel32.lib user32.lib gdi32.lib winspool.lib comdlg32.lib advapi32.lib shell32.lib ole32.lib oleaut32.lib uuid.lib odbc32.lib odbccp32.lib /MANIFEST /ManifestFile:"Debug\homework1.exe.intermediate.manifest" /MANIFESTUAC:"level='asInvoker' uiAccess='false'" /DEBUG /PDB:"C:\Users\charlie\Documents\Visual Studio 2010\Projects\EE569\hw1\homework1\homework1\Debug\homework1.pdb" /HEAP:"8000000","8000000" /STACK:"8000000","8000000" /TLBID:1 /DYNAMICBASE /NXCOMPAT /IMPLIB:"C:\Users\charlie\Documents\Visual Studio 2010\Projects\EE569\hw1\homework1\homework1\Debug\homework1.lib" /MACHINE:X86 Debug\local_enhancement.obj
         LINK : C:\Users\charlie\Documents\Visual Studio 2010\Projects\EE569\hw1\homework1\homework1\Debug\homework1.exe not found or not built by the last incremental link; performing full link
         homework1.vcxproj -> C:\Users\charlie\Documents\Visual Studio 2010\Projects\EE569\hw1\homework1\homework1\Debug\homework1.exe
       Manifest:
         C:\Program Files (x86)\Microsoft SDKs\Windows\v7.0A\bin\mt.exe /nologo /verbose /outputresource:"C:\Users\charlie\Documents\Visual Studio 2010\Projects\EE569\hw1\homework1\homework1\Debug\homework1.exe;#1" /manifest Debug\homework1.exe.intermediate.manifest
       FinalizeBuildStatus:
         Deleting file "Debug\homework1.unsuccessfulbuild".
         Touching "Debug\homework1.lastbuildstate".
     1>Done Building Project "C:\Users\charlie\Documents\Visual Studio 2010\Projects\EE569\hw1\homework1\homework1\homework1\homework1.vcxproj" (build target(s)).

Build succeeded.

Time Elapsed 00:00:02.68
