Build started 9/28/2012 3:38:16 PM.
     1>Project "C:\Users\charlie\Documents\Visual Studio 2010\Projects\EE569\homework3\homework3\homework3.vcxproj" on node 2 (build target(s)).
     1>InitializeBuildStatus:
         Creating "Debug\homework3.unsuccessfulbuild" because "AlwaysCreate" was specified.
       ClCompile:
         C:\Program Files (x86)\Microsoft Visual Studio 10.0\VC\bin\CL.exe /c /ZI /nologo /W3 /WX- /Od /Oy- /D _MBCS /Gm /EHsc /RTC1 /MDd /GS /fp:precise /Zc:wchar_t /Zc:forScope /Fo"Debug\\" /Fd"Debug\vc100.pdb" /Gd /TP /analyze- /errorReport:prompt LoG_edge.cpp
         LoG_edge.cpp
     1>c:\users\charlie\documents\visual studio 2010\projects\ee569\homework3\homework3\log_edge.cpp(18): warning C4244: 'initializing' : conversion from 'double' to 'int', possible loss of data
     1>c:\users\charlie\documents\visual studio 2010\projects\ee569\homework3\homework3\log_edge.cpp(18): warning C4244: 'initializing' : conversion from 'double' to 'int', possible loss of data
     1>c:\users\charlie\documents\visual studio 2010\projects\ee569\homework3\homework3\log_edge.cpp(18): warning C4244: 'initializing' : conversion from 'double' to 'int', possible loss of data
     1>c:\users\charlie\documents\visual studio 2010\projects\ee569\homework3\homework3\log_edge.cpp(18): warning C4244: 'initializing' : conversion from 'double' to 'int', possible loss of data
     1>c:\users\charlie\documents\visual studio 2010\projects\ee569\homework3\homework3\log_edge.cpp(18): warning C4244: 'initializing' : conversion from 'double' to 'int', possible loss of data
     1>c:\users\charlie\documents\visual studio 2010\projects\ee569\homework3\homework3\log_edge.cpp(18): warning C4244: 'initializing' : conversion from 'double' to 'int', possible loss of data
     1>c:\users\charlie\documents\visual studio 2010\projects\ee569\homework3\homework3\log_edge.cpp(18): warning C4244: 'initializing' : conversion from 'double' to 'int', possible loss of data
     1>c:\users\charlie\documents\visual studio 2010\projects\ee569\homework3\homework3\log_edge.cpp(24): warning C4244: 'initializing' : conversion from 'double' to 'int', possible loss of data
     1>c:\users\charlie\documents\visual studio 2010\projects\ee569\homework3\homework3\log_edge.cpp(33): warning C4996: 'fopen': This function or variable may be unsafe. Consider using fopen_s instead. To disable deprecation, use _CRT_SECURE_NO_WARNINGS. See online help for details.
                 c:\program files (x86)\microsoft visual studio 10.0\vc\include\stdio.h(234) : see declaration of 'fopen'
     1>c:\users\charlie\documents\visual studio 2010\projects\ee569\homework3\homework3\log_edge.cpp(106): warning C4996: 'fopen': This function or variable may be unsafe. Consider using fopen_s instead. To disable deprecation, use _CRT_SECURE_NO_WARNINGS. See online help for details.
                 c:\program files (x86)\microsoft visual studio 10.0\vc\include\stdio.h(234) : see declaration of 'fopen'
       Link:
         C:\Program Files (x86)\Microsoft Visual Studio 10.0\VC\bin\link.exe /ERRORREPORT:PROMPT /OUT:"C:\Users\charlie\Documents\Visual Studio 2010\Projects\EE569\homework3\Debug\homework3.exe" /NOLOGO kernel32.lib user32.lib gdi32.lib winspool.lib comdlg32.lib advapi32.lib shell32.lib ole32.lib oleaut32.lib uuid.lib odbc32.lib odbccp32.lib /MANIFEST /ManifestFile:"Debug\homework3.exe.intermediate.manifest" /MANIFESTUAC:"level='asInvoker' uiAccess='false'" /DEBUG /PDB:"C:\Users\charlie\Documents\Visual Studio 2010\Projects\EE569\homework3\Debug\homework3.pdb" /TLBID:1 /DYNAMICBASE /NXCOMPAT /IMPLIB:"C:\Users\charlie\Documents\Visual Studio 2010\Projects\EE569\homework3\Debug\homework3.lib" /MACHINE:X86 Debug\LoG_edge.obj
         LINK : C:\Users\charlie\Documents\Visual Studio 2010\Projects\EE569\homework3\Debug\homework3.exe not found or not built by the last incremental link; performing full link
         homework3.vcxproj -> C:\Users\charlie\Documents\Visual Studio 2010\Projects\EE569\homework3\Debug\homework3.exe
       Manifest:
         C:\Program Files (x86)\Microsoft SDKs\Windows\v7.0A\bin\mt.exe /nologo /verbose /outputresource:"C:\Users\charlie\Documents\Visual Studio 2010\Projects\EE569\homework3\Debug\homework3.exe;#1" /manifest Debug\homework3.exe.intermediate.manifest
       FinalizeBuildStatus:
         Deleting file "Debug\homework3.unsuccessfulbuild".
         Touching "Debug\homework3.lastbuildstate".
     1>Done Building Project "C:\Users\charlie\Documents\Visual Studio 2010\Projects\EE569\homework3\homework3\homework3.vcxproj" (build target(s)).

Build succeeded.

Time Elapsed 00:00:02.55
