Build started 11/27/2012 1:12:33 PM.
     1>Project "C:\Users\charlie\Documents\Visual Studio 2010\Projects\EE569\term_project\colorization\colorization\colorization.vcxproj" on node 2 (build target(s)).
     1>InitializeBuildStatus:
         Creating "Debug\colorization.unsuccessfulbuild" because "AlwaysCreate" was specified.
       ClCompile:
         C:\Program Files (x86)\Microsoft Visual Studio 10.0\VC\bin\CL.exe /c /ZI /nologo /W3 /WX- /Od /Oy- /D _MBCS /Gm /EHsc /RTC1 /MDd /GS /fp:precise /Zc:wchar_t /Zc:forScope /Fo"Debug\\" /Fd"Debug\vc100.pdb" /Gd /TP /analyze- /errorReport:prompt levin.cpp
         levin.cpp
     1>c:\users\charlie\documents\visual studio 2010\projects\ee569\term_project\colorization\colorization\levin.cpp(42): warning C4244: '=' : conversion from 'double' to 'unsigned char', possible loss of data
     1>c:\users\charlie\documents\visual studio 2010\projects\ee569\term_project\colorization\colorization\levin.cpp(43): warning C4244: '=' : conversion from 'double' to 'unsigned char', possible loss of data
     1>c:\users\charlie\documents\visual studio 2010\projects\ee569\term_project\colorization\colorization\levin.cpp(44): warning C4244: '=' : conversion from 'double' to 'unsigned char', possible loss of data
     1>c:\users\charlie\documents\visual studio 2010\projects\ee569\term_project\colorization\colorization\levin.cpp(114): warning C4996: 'fopen': This function or variable may be unsafe. Consider using fopen_s instead. To disable deprecation, use _CRT_SECURE_NO_WARNINGS. See online help for details.
                 c:\program files (x86)\microsoft visual studio 10.0\vc\include\stdio.h(234) : see declaration of 'fopen'
     1>c:\users\charlie\documents\visual studio 2010\projects\ee569\term_project\colorization\colorization\levin.cpp(124): warning C4996: 'fopen': This function or variable may be unsafe. Consider using fopen_s instead. To disable deprecation, use _CRT_SECURE_NO_WARNINGS. See online help for details.
                 c:\program files (x86)\microsoft visual studio 10.0\vc\include\stdio.h(234) : see declaration of 'fopen'
     1>c:\users\charlie\documents\visual studio 2010\projects\ee569\term_project\colorization\colorization\levin.cpp(218): warning C4996: 'fopen': This function or variable may be unsafe. Consider using fopen_s instead. To disable deprecation, use _CRT_SECURE_NO_WARNINGS. See online help for details.
                 c:\program files (x86)\microsoft visual studio 10.0\vc\include\stdio.h(234) : see declaration of 'fopen'
     1>c:\users\charlie\documents\visual studio 2010\projects\ee569\term_project\colorization\colorization\levin.cpp(133): warning C4101: 'index' : unreferenced local variable
       Link:
         C:\Program Files (x86)\Microsoft Visual Studio 10.0\VC\bin\link.exe /ERRORREPORT:PROMPT /OUT:"C:\Users\charlie\Documents\Visual Studio 2010\Projects\EE569\term_project\colorization\Debug\colorization.exe" /NOLOGO kernel32.lib user32.lib gdi32.lib winspool.lib comdlg32.lib advapi32.lib shell32.lib ole32.lib oleaut32.lib uuid.lib odbc32.lib odbccp32.lib /MANIFEST /ManifestFile:"Debug\colorization.exe.intermediate.manifest" /MANIFESTUAC:"level='asInvoker' uiAccess='false'" /DEBUG /PDB:"C:\Users\charlie\Documents\Visual Studio 2010\Projects\EE569\term_project\colorization\Debug\colorization.pdb" /HEAP:"8000000","8000000" /STACK:"16000000","16000000" /TLBID:1 /DYNAMICBASE /NXCOMPAT /IMPLIB:"C:\Users\charlie\Documents\Visual Studio 2010\Projects\EE569\term_project\colorization\Debug\colorization.lib" /MACHINE:X86 Debug\levin.obj
         LINK : C:\Users\charlie\Documents\Visual Studio 2010\Projects\EE569\term_project\colorization\Debug\colorization.exe not found or not built by the last incremental link; performing full link
         colorization.vcxproj -> C:\Users\charlie\Documents\Visual Studio 2010\Projects\EE569\term_project\colorization\Debug\colorization.exe
       Manifest:
         C:\Program Files (x86)\Microsoft SDKs\Windows\v7.0A\bin\mt.exe /nologo /verbose /outputresource:"C:\Users\charlie\Documents\Visual Studio 2010\Projects\EE569\term_project\colorization\Debug\colorization.exe;#1" /manifest Debug\colorization.exe.intermediate.manifest
       FinalizeBuildStatus:
         Deleting file "Debug\colorization.unsuccessfulbuild".
         Touching "Debug\colorization.lastbuildstate".
     1>Done Building Project "C:\Users\charlie\Documents\Visual Studio 2010\Projects\EE569\term_project\colorization\colorization\colorization.vcxproj" (build target(s)).

Build succeeded.

Time Elapsed 00:00:02.61
