Build started 10/19/2012 12:44:54 AM.
     1>Project "C:\Users\charlie\Documents\Visual Studio 2010\Projects\EE569\hw#3\prob1\prob1\prob1.vcxproj" on node 2 (build target(s)).
     1>InitializeBuildStatus:
         Creating "Debug\prob1.unsuccessfulbuild" because "AlwaysCreate" was specified.
       ClCompile:
         C:\Program Files (x86)\Microsoft Visual Studio 10.0\VC\bin\CL.exe /c /ZI /nologo /W3 /WX- /Od /Oy- /D _MBCS /Gm /EHsc /RTC1 /MDd /GS /fp:precise /Zc:wchar_t /Zc:forScope /Fo"Debug\\" /Fd"Debug\vc100.pdb" /Gd /TP /analyze- /errorReport:prompt special_filter2.cpp
         special_filter2.cpp
     1>c:\users\charlie\documents\visual studio 2010\projects\ee569\hw#3\prob1\prob1\special_filter2.cpp(23): warning C4996: 'fopen': This function or variable may be unsafe. Consider using fopen_s instead. To disable deprecation, use _CRT_SECURE_NO_WARNINGS. See online help for details.
                 c:\program files (x86)\microsoft visual studio 10.0\vc\include\stdio.h(234) : see declaration of 'fopen'
     1>c:\users\charlie\documents\visual studio 2010\projects\ee569\hw#3\prob1\prob1\special_filter2.cpp(33): warning C4996: 'fopen': This function or variable may be unsafe. Consider using fopen_s instead. To disable deprecation, use _CRT_SECURE_NO_WARNINGS. See online help for details.
                 c:\program files (x86)\microsoft visual studio 10.0\vc\include\stdio.h(234) : see declaration of 'fopen'
     1>c:\users\charlie\documents\visual studio 2010\projects\ee569\hw#3\prob1\prob1\special_filter2.cpp(43): warning C4996: 'fopen': This function or variable may be unsafe. Consider using fopen_s instead. To disable deprecation, use _CRT_SECURE_NO_WARNINGS. See online help for details.
                 c:\program files (x86)\microsoft visual studio 10.0\vc\include\stdio.h(234) : see declaration of 'fopen'
     1>c:\users\charlie\documents\visual studio 2010\projects\ee569\hw#3\prob1\prob1\special_filter2.cpp(53): warning C4996: 'fopen': This function or variable may be unsafe. Consider using fopen_s instead. To disable deprecation, use _CRT_SECURE_NO_WARNINGS. See online help for details.
                 c:\program files (x86)\microsoft visual studio 10.0\vc\include\stdio.h(234) : see declaration of 'fopen'
     1>c:\users\charlie\documents\visual studio 2010\projects\ee569\hw#3\prob1\prob1\special_filter2.cpp(63): warning C4996: 'fopen': This function or variable may be unsafe. Consider using fopen_s instead. To disable deprecation, use _CRT_SECURE_NO_WARNINGS. See online help for details.
                 c:\program files (x86)\microsoft visual studio 10.0\vc\include\stdio.h(234) : see declaration of 'fopen'
     1>c:\users\charlie\documents\visual studio 2010\projects\ee569\hw#3\prob1\prob1\special_filter2.cpp(73): warning C4996: 'fopen': This function or variable may be unsafe. Consider using fopen_s instead. To disable deprecation, use _CRT_SECURE_NO_WARNINGS. See online help for details.
                 c:\program files (x86)\microsoft visual studio 10.0\vc\include\stdio.h(234) : see declaration of 'fopen'
     1>c:\users\charlie\documents\visual studio 2010\projects\ee569\hw#3\prob1\prob1\special_filter2.cpp(83): warning C4996: 'fopen': This function or variable may be unsafe. Consider using fopen_s instead. To disable deprecation, use _CRT_SECURE_NO_WARNINGS. See online help for details.
                 c:\program files (x86)\microsoft visual studio 10.0\vc\include\stdio.h(234) : see declaration of 'fopen'
     1>c:\users\charlie\documents\visual studio 2010\projects\ee569\hw#3\prob1\prob1\special_filter2.cpp(93): warning C4996: 'fopen': This function or variable may be unsafe. Consider using fopen_s instead. To disable deprecation, use _CRT_SECURE_NO_WARNINGS. See online help for details.
                 c:\program files (x86)\microsoft visual studio 10.0\vc\include\stdio.h(234) : see declaration of 'fopen'
     1>c:\users\charlie\documents\visual studio 2010\projects\ee569\hw#3\prob1\prob1\special_filter2.cpp(184): warning C4996: 'fopen': This function or variable may be unsafe. Consider using fopen_s instead. To disable deprecation, use _CRT_SECURE_NO_WARNINGS. See online help for details.
                 c:\program files (x86)\microsoft visual studio 10.0\vc\include\stdio.h(234) : see declaration of 'fopen'
       Link:
         C:\Program Files (x86)\Microsoft Visual Studio 10.0\VC\bin\link.exe /ERRORREPORT:PROMPT /OUT:"C:\Users\charlie\Documents\Visual Studio 2010\Projects\EE569\hw#3\prob1\Debug\prob1.exe" /NOLOGO kernel32.lib user32.lib gdi32.lib winspool.lib comdlg32.lib advapi32.lib shell32.lib ole32.lib oleaut32.lib uuid.lib odbc32.lib odbccp32.lib /MANIFEST /ManifestFile:"Debug\prob1.exe.intermediate.manifest" /MANIFESTUAC:"level='asInvoker' uiAccess='false'" /DEBUG /PDB:"C:\Users\charlie\Documents\Visual Studio 2010\Projects\EE569\hw#3\prob1\Debug\prob1.pdb" /STACK:"8000000","8000000" /TLBID:1 /DYNAMICBASE /NXCOMPAT /IMPLIB:"C:\Users\charlie\Documents\Visual Studio 2010\Projects\EE569\hw#3\prob1\Debug\prob1.lib" /MACHINE:X86 Debug\special_filter2.obj
         LINK : C:\Users\charlie\Documents\Visual Studio 2010\Projects\EE569\hw#3\prob1\Debug\prob1.exe not found or not built by the last incremental link; performing full link
         prob1.vcxproj -> C:\Users\charlie\Documents\Visual Studio 2010\Projects\EE569\hw#3\prob1\Debug\prob1.exe
       Manifest:
         C:\Program Files (x86)\Microsoft SDKs\Windows\v7.0A\bin\mt.exe /nologo /verbose /outputresource:"C:\Users\charlie\Documents\Visual Studio 2010\Projects\EE569\hw#3\prob1\Debug\prob1.exe;#1" /manifest Debug\prob1.exe.intermediate.manifest
       FinalizeBuildStatus:
         Deleting file "Debug\prob1.unsuccessfulbuild".
         Touching "Debug\prob1.lastbuildstate".
     1>Done Building Project "C:\Users\charlie\Documents\Visual Studio 2010\Projects\EE569\hw#3\prob1\prob1\prob1.vcxproj" (build target(s)).

Build succeeded.

Time Elapsed 00:00:01.90
